<?xml version="1.0" encoding="UTF-8"?>
<testsuite name="Login Test"
           tests="10"
           failures="1"
           errors="0"
           skipped="0"
           time="25.661">
  <properties />
            <testcase name="verifyBestSellersProductsPriceArrangeHighToLow" time="2.765" classname="com.xcart.mobile.testsuits.TestSuite">
                <failure type="java.lang.AssertionError"
                  message="Lists differ at element [0]: Astro A50 Halo Edition != Soft Kitty Singing Plush [Sale] [Reviews] expected [Astro A50 Halo Edition] but found [Soft Kitty Singing Plush [Sale] [Reviews]]"
              >
<![CDATA[java.lang.AssertionError: Lists differ at element [0]: Astro A50 Halo Edition != Soft Kitty Singing Plush [Sale] [Reviews] expected [Astro A50 Halo Edition] but found [Soft Kitty Singing Plush [Sale] [Reviews]]
  org.testng.Assert.fail(Assert.java:99)
  org.testng.Assert.failNotEquals(Assert.java:1037)
  org.testng.Assert.assertEqualsImpl(Assert.java:140)
  org.testng.Assert.assertEquals(Assert.java:1103)
  org.testng.Assert.assertEquals(Assert.java:1065)
  com.xcart.mobile.testsuits.TestSuite.verifyBestSellersProductsPriceArrangeHighToLow(TestSuite.java:189)
  sun.reflect.NativeMethodAccessorImpl.invoke0(Native Method)
  sun.reflect.NativeMethodAccessorImpl.invoke(NativeMethodAccessorImpl.java:62)
  sun.reflect.DelegatingMethodAccessorImpl.invoke(DelegatingMethodAccessorImpl.java:43)
  java.lang.reflect.Method.invoke(Method.java:498)
  org.testng.internal.MethodInvocationHelper.invokeMethod(MethodInvocationHelper.java:133)
  org.testng.internal.TestInvoker.invokeMethod(TestInvoker.java:598)
  org.testng.internal.TestInvoker.invokeTestMethod(TestInvoker.java:173)
  org.testng.internal.MethodRunner.runInSequence(MethodRunner.java:46)
  org.testng.internal.TestInvoker$MethodInvocationAgent.invoke(TestInvoker.java:824)
  org.testng.internal.TestInvoker.invokeTestMethods(TestInvoker.java:146)
  org.testng.internal.TestMethodWorker.invokeTestMethods(TestMethodWorker.java:146)
  org.testng.internal.TestMethodWorker.run(TestMethodWorker.java:128)
  java.util.ArrayList.forEach(ArrayList.java:1249)
  org.testng.TestRunner.privateRun(TestRunner.java:794)
  org.testng.TestRunner.run(TestRunner.java:596)
  org.testng.SuiteRunner.runTest(SuiteRunner.java:377)
  org.testng.SuiteRunner.runSequentially(SuiteRunner.java:371)
  org.testng.SuiteRunner.privateRun(SuiteRunner.java:332)
  org.testng.SuiteRunner.run(SuiteRunner.java:276)
  org.testng.SuiteRunnerWorker.runSuite(SuiteRunnerWorker.java:53)
  org.testng.SuiteRunnerWorker.run(SuiteRunnerWorker.java:96)
  org.testng.TestNG.runSuitesSequentially(TestNG.java:1212)
  org.testng.TestNG.runSuitesLocally(TestNG.java:1134)
  org.testng.TestNG.runSuites(TestNG.java:1063)
  org.testng.TestNG.run(TestNG.java:1031)
  com.intellij.rt.testng.IDEARemoteTestNG.run(IDEARemoteTestNG.java:66)
  com.intellij.rt.testng.RemoteTestNGStarter.main(RemoteTestNGStarter.java:109)
]]>
      </failure>

          </testcase>
  
  
            <testcase name="verifySaleProductsArrangeByRates" time="3.716" classname="com.xcart.mobile.testsuits.TestSuite" />
                <testcase name="verifyBestSellersProductsArrangeByZToA" time="3.769" classname="com.xcart.mobile.testsuits.TestSuite" />
                <testcase name="verifySaleProductsArrangeAlphabetically" time="3.523" classname="com.xcart.mobile.testsuits.TestSuite" />
                <testcase name="verifySaleProductsPriceArrangeLowToHigh" time="3.445" classname="com.xcart.mobile.testsuits.TestSuite" />
                <testcase name="verifyBestSellersProductsArrangeByRates" time="3.504" classname="com.xcart.mobile.testsuits.TestSuite" />
                <testcase name="verifyUserShouldNavigateToContactUsPageSuccessfully" time="1.187" classname="com.xcart.mobile.testsuits.TestSuite" />
                <testcase name="verifyUserShouldNavigateToNewPageSuccessfully" time="1.205" classname="com.xcart.mobile.testsuits.TestSuite" />
                <testcase name="verifyUserShouldNavigateToComingsoonPageSuccessfully" time="1.036" classname="com.xcart.mobile.testsuits.TestSuite" />
                <testcase name="verifyUserShouldNavigateToShippingPageSuccessfully" time="1.511" classname="com.xcart.mobile.testsuits.TestSuite" />
      
</testsuite>
